<?xml version="1.0" encoding="UTF-8"?>
<!-- Generated by org.testng.reporters.JUnitReportReporter -->
<testsuite skipped="0" hostname="sekhar" name="week4day4.testng.classes.parallel.threadcount2.MergeLeadWdMethodimple" tests="1" failures="0" timestamp="05 Apr 2018 19:12:58 GMT" time="59.022" errors="1">
  <testcase name="mergeLeads" time="59.022" classname="week4day4.testng.classes.parallel.threadcount2.MergeLeadWdMethodimple">
    <error type="java.lang.RuntimeException" message="Inspected Element was nt found">
      <![CDATA[java.lang.RuntimeException: Inspected Element was nt found
at wdMethods.SeMethods.locateElement(SeMethods.java:87)
at week4day4.testng.classes.parallel.threadcount2.MergeLeadWdMethodimple.mergeLeads(MergeLeadWdMethodimple.java:25)
at sun.reflect.NativeMethodAccessorImpl.invoke0(Native Method)
at sun.reflect.NativeMethodAccessorImpl.invoke(NativeMethodAccessorImpl.java:62)
at sun.reflect.DelegatingMethodAccessorImpl.invoke(DelegatingMethodAccessorImpl.java:43)
at java.lang.reflect.Method.invoke(Method.java:498)
at org.testng.internal.MethodInvocationHelper.invokeMethod(MethodInvocationHelper.java:124)
at org.testng.internal.Invoker.invokeMethod(Invoker.java:580)
at org.testng.internal.Invoker.invokeTestMethod(Invoker.java:716)
at org.testng.internal.Invoker.invokeTestMethods(Invoker.java:988)
at org.testng.internal.TestMethodWorker.invokeTestMethods(TestMethodWorker.java:125)
at org.testng.internal.TestMethodWorker.run(TestMethodWorker.java:109)
at java.util.concurrent.ThreadPoolExecutor.runWorker(ThreadPoolExecutor.java:1149)
at java.util.concurrent.ThreadPoolExecutor$Worker.run(ThreadPoolExecutor.java:624)
at java.lang.Thread.run(Thread.java:748)
]]>
    </error>
  </testcase> <!-- mergeLeads -->
</testsuite> <!-- week4day4.testng.classes.parallel.threadcount2.MergeLeadWdMethodimple -->
