<?xml version="1.0" encoding="UTF-8"?>
<!-- Generated by org.testng.reporters.JUnitReportReporter -->
<testsuite skipped="0" hostname="sekhar" name="week4day4.testng.classes.depens.count.MergeLeadWdMethodimple" tests="1" failures="0" timestamp="05 Apr 2018 18:59:21 GMT" time="0.234" errors="1">
  <testcase name="mergeLeads" time="0.234" classname="week4day4.testng.classes.depens.count.MergeLeadWdMethodimple">
    <error type="org.testng.internal.thread.ThreadTimeoutException" message="Method week4day4.testng.classes.depens.count.MergeLeadWdMethodimple.mergeLeads() didn&#039;t finish within the time-out 200">
      <![CDATA[org.testng.internal.thread.ThreadTimeoutException: Method week4day4.testng.classes.depens.count.MergeLeadWdMethodimple.mergeLeads() didn't finish within the time-out 200
at java.lang.ClassLoader.findBootstrapClass(Native Method)
at java.lang.ClassLoader.findBootstrapClassOrNull(ClassLoader.java:1015)
at java.lang.ClassLoader.loadClass(ClassLoader.java:413)
at java.lang.ClassLoader.loadClass(ClassLoader.java:411)
at sun.misc.Launcher$AppClassLoader.loadClass(Launcher.java:338)
at java.lang.ClassLoader.loadClass(ClassLoader.java:357)
at sun.security.jca.ProviderConfig$2.run(ProviderConfig.java:215)
at sun.security.jca.ProviderConfig$2.run(ProviderConfig.java:206)
at java.security.AccessController.doPrivileged(Native Method)
at sun.security.jca.ProviderConfig.doLoadProvider(ProviderConfig.java:206)
at sun.security.jca.ProviderConfig.getProvider(ProviderConfig.java:187)
at sun.security.jca.ProviderList.getProvider(ProviderList.java:233)
at sun.security.jca.ProviderList.getService(ProviderList.java:331)
at sun.security.jca.GetInstance.getInstance(GetInstance.java:157)
at javax.net.ssl.TrustManagerFactory.getInstance(TrustManagerFactory.java:139)
at okhttp3.OkHttpClient.systemDefaultTrustManager(OkHttpClient.java:282)
at okhttp3.OkHttpClient.<init>(OkHttpClient.java:252)
at okhttp3.OkHttpClient$Builder.build(OkHttpClient.java:914)
at org.openqa.selenium.remote.internal.OkHttpClient$Factory.createClient(OkHttpClient.java:166)
at org.openqa.selenium.remote.HttpCommandExecutor.<init>(HttpCommandExecutor.java:91)
at org.openqa.selenium.remote.HttpCommandExecutor.<init>(HttpCommandExecutor.java:74)
at org.openqa.selenium.remote.service.DriverCommandExecutor.<init>(DriverCommandExecutor.java:63)
at org.openqa.selenium.chrome.ChromeDriverCommandExecutor.<init>(ChromeDriverCommandExecutor.java:36)
at org.openqa.selenium.chrome.ChromeDriver.<init>(ChromeDriver.java:181)
at org.openqa.selenium.chrome.ChromeDriver.<init>(ChromeDriver.java:168)
at org.openqa.selenium.chrome.ChromeDriver.<init>(ChromeDriver.java:123)
at wdMethods.SeMethods.startApp(SeMethods.java:40)
at week4day4.testng.classes.depens.count.MergeLeadWdMethodimple.mergeLeads(MergeLeadWdMethodimple.java:18)
at sun.reflect.NativeMethodAccessorImpl.invoke0(Native Method)
at sun.reflect.NativeMethodAccessorImpl.invoke(NativeMethodAccessorImpl.java:62)
at sun.reflect.DelegatingMethodAccessorImpl.invoke(DelegatingMethodAccessorImpl.java:43)
at java.lang.reflect.Method.invoke(Method.java:498)
at org.testng.internal.MethodInvocationHelper.invokeMethod(MethodInvocationHelper.java:124)
at org.testng.internal.InvokeMethodRunnable.runOne(InvokeMethodRunnable.java:54)
at org.testng.internal.InvokeMethodRunnable.run(InvokeMethodRunnable.java:40)
at java.util.concurrent.Executors$RunnableAdapter.call(Executors.java:511)
at java.util.concurrent.FutureTask.run(FutureTask.java:266)
at java.util.concurrent.ThreadPoolExecutor.runWorker(ThreadPoolExecutor.java:1149)
at java.util.concurrent.ThreadPoolExecutor$Worker.run(ThreadPoolExecutor.java:624)
at java.lang.Thread.run(Thread.java:748)
]]>
    </error>
  </testcase> <!-- mergeLeads -->
</testsuite> <!-- week4day4.testng.classes.depens.count.MergeLeadWdMethodimple -->
